<?xml version="1.0" encoding="UTF-8"?>
<!-- Generated by org.testng.reporters.JUnitXMLReporter -->
<testsuite ignored="0" hostname="Vinay" failures="0" tests="18" name="API Tests" time="14.001" errors="0" timestamp="2025-10-06T17:55:50 CDT">
  <testcase classname="userManagement.getUsers" name="getUserData" time="3.024"/>
  <testcase classname="userManagement.getUsers" name="testCookies" time="1.63"/>
  <testcase classname="userManagement.getUsers" name="testCreateUserWithFormParam" time="1.738"/>
  <testcase classname="userManagement.getUsers" name="testFetchHeaders" time="1.189"/>
  <testcase classname="userManagement.getUsers" name="testFetchMultipleHeaders" time="0.495"/>
  <testcase classname="userManagement.getUsers" name="testGetUserList" time="0.312"/>
  <testcase classname="userManagement.getUsers" name="testGetUserListWithHeader" time="0.131"/>
  <testcase classname="userManagement.getUsers" name="testGetUsersWithMultipleQueryParams" time="0.005"/>
  <testcase classname="userManagement.getUsers" name="testOne" time="2.012"/>
  <testcase classname="userManagement.getUsers" name="testWithTwoHeaders" time="0.202"/>
  <testcase classname="userManagement.getUsers" name="validateFromProperties_TestData" time="0.215"/>
  <testcase classname="userManagement.getUsers" name="validateGetResponseBody" time="0.191"/>
  <testcase classname="userManagement.getUsers" name="validateListContainsInOrder" time="0.445"/>
  <testcase classname="userManagement.getUsers" name="validateResponseHasItems" time="0.175"/>
  <testcase classname="userManagement.getUsers" name="validateResponseHasSize" time="0.292"/>
  <testcase classname="userManagement.getUsers" name="validateStatusCodeUsingSoftAssertion" time="0.146"/>
  <testcase classname="userManagement.getUsers" name="validateWithDataFromPropertiesFile" time="0.187"/>
  <testcase classname="userManagement.getUsers" name="validateWithTestDataFromJson" time="1.392"/>
</testsuite> <!-- API Tests -->
