<?xml version="1.0" encoding="UTF-8"?>
<!-- Generated by org.testng.reporters.JUnitXMLReporter -->
<testsuite ignored="0" hostname="Vinay" failures="1" tests="23" name="API Tests" time="12.115" errors="0" timestamp="2025-10-09T14:36:29 CDT">
  <testcase classname="userManagement.getUsers" name="getUserData" time="3.585"/>
  <testcase classname="userManagement.getUsers" name="testCookies" time="0.469">
    <skipped/>
  </testcase> <!-- testCookies -->
  <testcase classname="userManagement.getUsers" name="testCookies" time="0.298">
    <skipped/>
  </testcase> <!-- testCookies -->
  <testcase classname="userManagement.getUsers" name="testCookies" time="0.304">
    <failure type="java.lang.AssertionError" message="1 expectation failed.
Expected status code &amp;lt;200&amp;gt; but was &amp;lt;503&amp;gt;.
">
      <![CDATA[java.lang.AssertionError: 1 expectation failed.
Expected status code <200> but was <503>.

at org.codehaus.groovy.runtime.callsite.ConstructorSite$ConstructorSiteNoUnwrapNoCoerce.callConstructor(ConstructorSite.java:108)
at org.codehaus.groovy.runtime.callsite.AbstractCallSite.callConstructor(AbstractCallSite.java:277)
at io.restassured.internal.ResponseSpecificationImpl$HamcrestAssertionClosure.validate(ResponseSpecificationImpl.groovy:512)
at io.restassured.internal.ResponseSpecificationImpl$HamcrestAssertionClosure$validate$1.call(Unknown Source)
at io.restassured.internal.ResponseSpecificationImpl.validateResponseIfRequired(ResponseSpecificationImpl.groovy:696)
at io.restassured.internal.ResponseSpecificationImpl.this$2$validateResponseIfRequired(ResponseSpecificationImpl.groovy)
at org.codehaus.groovy.runtime.callsite.PlainObjectMetaMethodSite.doInvoke(PlainObjectMetaMethodSite.java:43)
at org.codehaus.groovy.runtime.callsite.PogoMetaMethodSite$PogoCachedMethodSiteNoUnwrapNoCoerce.invoke(PogoMetaMethodSite.java:198)
at org.codehaus.groovy.runtime.callsite.PogoMetaMethodSite.callCurrent(PogoMetaMethodSite.java:62)
at org.codehaus.groovy.runtime.callsite.AbstractCallSite.callCurrent(AbstractCallSite.java:185)
at io.restassured.internal.ResponseSpecificationImpl.statusCode(ResponseSpecificationImpl.groovy:135)
at io.restassured.specification.ResponseSpecification$statusCode$0.callCurrent(Unknown Source)
at io.restassured.internal.ResponseSpecificationImpl.statusCode(ResponseSpecificationImpl.groovy:143)
at io.restassured.internal.ValidatableResponseOptionsImpl.statusCode(ValidatableResponseOptionsImpl.java:89)
at userManagement.getUsers.testCookies(getUsers.java:254)
at java.base/java.util.ArrayList.forEach(ArrayList.java:1596)
... Removed 31 stack frames]]>
    </failure>
  </testcase> <!-- testCookies -->
  <testcase classname="userManagement.getUsers" name="testCreateUserWithFormParam" time="1.398"/>
  <testcase classname="userManagement.getUsers" name="testFetchHeaders" time="0.196"/>
  <testcase classname="userManagement.getUsers" name="testFetchMultipleHeaders" time="0.231"/>
  <testcase classname="userManagement.getUsers" name="testGetUserList" time="0.511"/>
  <testcase classname="userManagement.getUsers" name="testGetUserListWithHeader" time="0.445"/>
  <testcase classname="userManagement.getUsers" name="testGetUsersWithMultipleQueryParams" time="0.003"/>
  <testcase classname="userManagement.getUsers" name="testWithTwoHeaders" time="0.244"/>
  <testcase classname="userManagement.getUsers" name="validateFromProperties_TestData" time="0.222"/>
  <testcase classname="userManagement.getUsers" name="validateGetResponseBody" time="0.45"/>
  <testcase classname="userManagement.getUsers" name="validateListContainsInOrder" time="0.286"/>
  <testcase classname="userManagement.getUsers" name="validatePostRequestWithPOJO" time="0.635"/>
  <testcase classname="userManagement.getUsers" name="validatePostRequestWithPOJOList" time="0.328"/>
  <testcase classname="userManagement.getUsers" name="validatePostRequestWithPOJOListObject" time="0.384"/>
  <testcase classname="userManagement.getUsers" name="validatePostRequestWithResponsePOJO" time="0.452"/>
  <testcase classname="userManagement.getUsers" name="validateResponseHasItems" time="0.187"/>
  <testcase classname="userManagement.getUsers" name="validateResponseHasSize" time="0.241"/>
  <testcase classname="userManagement.getUsers" name="validateStatusCodeUsingSoftAssertion" time="0.374"/>
  <testcase classname="userManagement.getUsers" name="validateWithDataFromPropertiesFile" time="0.194"/>
  <testcase classname="userManagement.getUsers" name="validateWithTestDataFromJson" time="0.387"/>
</testsuite> <!-- API Tests -->
