<?xml version="1.0" encoding="UTF-8"?>
<testng-results ignored="0" total="21" passed="20" failed="1" skipped="0">
  <reporter-output>
  </reporter-output>
  <suite started-at="2025-10-09T15:03:28 CDT" name="Default suite" finished-at="2025-10-09T15:03:39 CDT" duration-ms="10473">
    <groups>
      <group name="Regression">
        <method signature="getUsers.validateFromProperties_TestData()[pri:0, instance:userManagement.getUsers@6025e1b6]" name="validateFromProperties_TestData" class="userManagement.getUsers"/>
        <method signature="getUsers.validateStatusCodeUsingSoftAssertion()[pri:0, instance:userManagement.getUsers@6025e1b6]" name="validateStatusCodeUsingSoftAssertion" class="userManagement.getUsers"/>
      </group> <!-- Regression -->
      <group name="Smoke">
        <method signature="getUsers.validateStatusCodeUsingSoftAssertion()[pri:0, instance:userManagement.getUsers@6025e1b6]" name="validateStatusCodeUsingSoftAssertion" class="userManagement.getUsers"/>
      </group> <!-- Smoke -->
    </groups>
    <test started-at="2025-10-09T15:03:28 CDT" name="Default test" finished-at="2025-10-09T15:03:39 CDT" duration-ms="10473">
      <class name="userManagement.getUsers">
        <test-method is-config="true" signature="config()[pri:0, instance:userManagement.getUsers@6025e1b6]" started-at="2025-10-09T15:03:28 CDT" name="config" finished-at="2025-10-09T15:03:28 CDT" duration-ms="412" status="PASS">
          <reporter-output>
          </reporter-output>
        </test-method> <!-- config -->
        <test-method is-config="true" signature="setupTest(java.lang.reflect.Method)[pri:0, instance:userManagement.getUsers@6025e1b6]" started-at="2025-10-09T15:03:28 CDT" name="setupTest" finished-at="2025-10-09T15:03:28 CDT" duration-ms="12" status="PASS">
          <params>
            <param index="0">
              <value>
                <![CDATA[public void userManagement.getUsers.getUserData()]]>
              </value>
            </param>
          </params>
          <reporter-output>
          </reporter-output>
        </test-method> <!-- setupTest -->
        <test-method signature="getUserData()[pri:0, instance:userManagement.getUsers@6025e1b6]" started-at="2025-10-09T15:03:28 CDT" name="getUserData" finished-at="2025-10-09T15:03:31 CDT" duration-ms="3103" status="PASS">
          <reporter-output>
          </reporter-output>
        </test-method> <!-- getUserData -->
        <test-method is-config="true" signature="getResult(org.testng.ITestResult)[pri:0, instance:userManagement.getUsers@6025e1b6]" started-at="2025-10-09T15:03:31 CDT" name="getResult" finished-at="2025-10-09T15:03:31 CDT" duration-ms="13" status="PASS">
          <params>
            <param index="0">
              <value>
                <![CDATA[[TestResult name=getUserData status=SUCCESS method=getUsers.getUserData()[pri:0, instance:userManagement.getUsers@6025e1b6] output={null}]]]>
              </value>
            </param>
          </params>
          <reporter-output>
          </reporter-output>
        </test-method> <!-- getResult -->
        <test-method is-config="true" signature="setupTest(java.lang.reflect.Method)[pri:0, instance:userManagement.getUsers@6025e1b6]" started-at="2025-10-09T15:03:31 CDT" name="setupTest" finished-at="2025-10-09T15:03:31 CDT" duration-ms="1" status="PASS">
          <params>
            <param index="0">
              <value>
                <![CDATA[public void userManagement.getUsers.testCookies()]]>
              </value>
            </param>
          </params>
          <reporter-output>
          </reporter-output>
        </test-method> <!-- setupTest -->
        <test-method signature="testCookies()[pri:0, instance:userManagement.getUsers@6025e1b6]" started-at="2025-10-09T15:03:31 CDT" name="testCookies" finished-at="2025-10-09T15:03:32 CDT" duration-ms="384" status="FAIL">
          <exception class="java.lang.AssertionError">
            <message>
              <![CDATA[1 expectation failed.
Expected status code <200> but was <503>.
]]>
            </message>
            <full-stacktrace>
              <![CDATA[java.lang.AssertionError: 1 expectation failed.
Expected status code <200> but was <503>.

at java.base/jdk.internal.reflect.DirectConstructorHandleAccessor.newInstance(DirectConstructorHandleAccessor.java:62)
at java.base/java.lang.reflect.Constructor.newInstanceWithCaller(Constructor.java:502)
at java.base/java.lang.reflect.Constructor.newInstance(Constructor.java:486)
at org.codehaus.groovy.reflection.CachedConstructor.invoke(CachedConstructor.java:73)
at org.codehaus.groovy.runtime.callsite.ConstructorSite$ConstructorSiteNoUnwrapNoCoerce.callConstructor(ConstructorSite.java:108)
at org.codehaus.groovy.runtime.callsite.CallSiteArray.defaultCallConstructor(CallSiteArray.java:57)
at org.codehaus.groovy.runtime.callsite.AbstractCallSite.callConstructor(AbstractCallSite.java:263)
at org.codehaus.groovy.runtime.callsite.AbstractCallSite.callConstructor(AbstractCallSite.java:277)
at io.restassured.internal.ResponseSpecificationImpl$HamcrestAssertionClosure.validate(ResponseSpecificationImpl.groovy:512)
at io.restassured.internal.ResponseSpecificationImpl$HamcrestAssertionClosure$validate$1.call(Unknown Source)
at io.restassured.internal.ResponseSpecificationImpl.validateResponseIfRequired(ResponseSpecificationImpl.groovy:696)
at io.restassured.internal.ResponseSpecificationImpl.this$2$validateResponseIfRequired(ResponseSpecificationImpl.groovy)
at java.base/jdk.internal.reflect.DirectMethodHandleAccessor.invoke(DirectMethodHandleAccessor.java:103)
at java.base/java.lang.reflect.Method.invoke(Method.java:580)
at org.codehaus.groovy.runtime.callsite.PlainObjectMetaMethodSite.doInvoke(PlainObjectMetaMethodSite.java:43)
at org.codehaus.groovy.runtime.callsite.PogoMetaMethodSite$PogoCachedMethodSiteNoUnwrapNoCoerce.invoke(PogoMetaMethodSite.java:198)
at org.codehaus.groovy.runtime.callsite.PogoMetaMethodSite.callCurrent(PogoMetaMethodSite.java:62)
at org.codehaus.groovy.runtime.callsite.AbstractCallSite.callCurrent(AbstractCallSite.java:185)
at io.restassured.internal.ResponseSpecificationImpl.statusCode(ResponseSpecificationImpl.groovy:135)
at io.restassured.specification.ResponseSpecification$statusCode$0.callCurrent(Unknown Source)
at io.restassured.internal.ResponseSpecificationImpl.statusCode(ResponseSpecificationImpl.groovy:143)
at io.restassured.internal.ValidatableResponseOptionsImpl.statusCode(ValidatableResponseOptionsImpl.java:89)
at userManagement.getUsers.testCookies(getUsers.java:254)
at java.base/jdk.internal.reflect.DirectMethodHandleAccessor.invoke(DirectMethodHandleAccessor.java:103)
at java.base/java.lang.reflect.Method.invoke(Method.java:580)
at org.testng.internal.invokers.MethodInvocationHelper.invokeMethod(MethodInvocationHelper.java:141)
at org.testng.internal.invokers.TestInvoker.invokeMethod(TestInvoker.java:687)
at org.testng.internal.invokers.TestInvoker.invokeTestMethod(TestInvoker.java:230)
at org.testng.internal.invokers.MethodRunner.runInSequence(MethodRunner.java:63)
at org.testng.internal.invokers.TestInvoker$MethodInvocationAgent.invoke(TestInvoker.java:995)
at org.testng.internal.invokers.TestInvoker.invokeTestMethods(TestInvoker.java:203)
at org.testng.internal.invokers.TestMethodWorker.invokeTestMethods(TestMethodWorker.java:154)
at org.testng.internal.invokers.TestMethodWorker.run(TestMethodWorker.java:134)
at java.base/java.util.ArrayList.forEach(ArrayList.java:1596)
at org.testng.TestRunner.privateRun(TestRunner.java:741)
at org.testng.TestRunner.run(TestRunner.java:616)
at org.testng.SuiteRunner.runTest(SuiteRunner.java:421)
at org.testng.SuiteRunner.runSequentially(SuiteRunner.java:413)
at org.testng.SuiteRunner.privateRun(SuiteRunner.java:373)
at org.testng.SuiteRunner.run(SuiteRunner.java:312)
at org.testng.SuiteRunnerWorker.runSuite(SuiteRunnerWorker.java:52)
at org.testng.SuiteRunnerWorker.run(SuiteRunnerWorker.java:95)
at org.testng.TestNG.runSuitesSequentially(TestNG.java:1274)
at org.testng.TestNG.runSuitesLocally(TestNG.java:1208)
at org.testng.TestNG.runSuites(TestNG.java:1112)
at org.testng.TestNG.run(TestNG.java:1079)
at org.testng.remote.AbstractRemoteTestNG.run(AbstractRemoteTestNG.java:115)
at org.testng.remote.RemoteTestNG.initAndRun(RemoteTestNG.java:293)
at org.testng.remote.RemoteTestNG.main(RemoteTestNG.java:91)
]]>
            </full-stacktrace>
          </exception> <!-- java.lang.AssertionError -->
          <reporter-output>
          </reporter-output>
        </test-method> <!-- testCookies -->
        <test-method is-config="true" signature="getResult(org.testng.ITestResult)[pri:0, instance:userManagement.getUsers@6025e1b6]" started-at="2025-10-09T15:03:32 CDT" name="getResult" finished-at="2025-10-09T15:03:32 CDT" duration-ms="3" status="PASS">
          <params>
            <param index="0">
              <value>
                <![CDATA[[TestResult name=testCookies status=FAILURE method=getUsers.testCookies()[pri:0, instance:userManagement.getUsers@6025e1b6] output={null}]]]>
              </value>
            </param>
          </params>
          <reporter-output>
          </reporter-output>
        </test-method> <!-- getResult -->
        <test-method signature="testCreateUserWithFormParam()[pri:0, instance:userManagement.getUsers@6025e1b6]" started-at="2025-10-09T15:03:32 CDT" name="testCreateUserWithFormParam" finished-at="2025-10-09T15:03:33 CDT" duration-ms="1460" status="PASS">
          <reporter-output>
          </reporter-output>
        </test-method> <!-- testCreateUserWithFormParam -->
        <test-method is-config="true" signature="setupTest(java.lang.reflect.Method)[pri:0, instance:userManagement.getUsers@6025e1b6]" started-at="2025-10-09T15:03:32 CDT" name="setupTest" finished-at="2025-10-09T15:03:32 CDT" duration-ms="0" status="PASS">
          <params>
            <param index="0">
              <value>
                <![CDATA[public void userManagement.getUsers.testCreateUserWithFormParam()]]>
              </value>
            </param>
          </params>
          <reporter-output>
          </reporter-output>
        </test-method> <!-- setupTest -->
        <test-method is-config="true" signature="getResult(org.testng.ITestResult)[pri:0, instance:userManagement.getUsers@6025e1b6]" started-at="2025-10-09T15:03:33 CDT" name="getResult" finished-at="2025-10-09T15:03:33 CDT" duration-ms="0" status="PASS">
          <params>
            <param index="0">
              <value>
                <![CDATA[[TestResult name=testCreateUserWithFormParam status=SUCCESS method=getUsers.testCreateUserWithFormParam()[pri:0, instance:userManagement.getUsers@6025e1b6] output={null}]]]>
              </value>
            </param>
          </params>
          <reporter-output>
          </reporter-output>
        </test-method> <!-- getResult -->
        <test-method is-config="true" signature="setupTest(java.lang.reflect.Method)[pri:0, instance:userManagement.getUsers@6025e1b6]" started-at="2025-10-09T15:03:33 CDT" name="setupTest" finished-at="2025-10-09T15:03:33 CDT" duration-ms="1" status="PASS">
          <params>
            <param index="0">
              <value>
                <![CDATA[public void userManagement.getUsers.testFetchHeaders()]]>
              </value>
            </param>
          </params>
          <reporter-output>
          </reporter-output>
        </test-method> <!-- setupTest -->
        <test-method signature="testFetchHeaders()[pri:0, instance:userManagement.getUsers@6025e1b6]" started-at="2025-10-09T15:03:33 CDT" name="testFetchHeaders" finished-at="2025-10-09T15:03:34 CDT" duration-ms="199" status="PASS">
          <reporter-output>
          </reporter-output>
        </test-method> <!-- testFetchHeaders -->
        <test-method is-config="true" signature="getResult(org.testng.ITestResult)[pri:0, instance:userManagement.getUsers@6025e1b6]" started-at="2025-10-09T15:03:34 CDT" name="getResult" finished-at="2025-10-09T15:03:34 CDT" duration-ms="2" status="PASS">
          <params>
            <param index="0">
              <value>
                <![CDATA[[TestResult name=testFetchHeaders status=SUCCESS method=getUsers.testFetchHeaders()[pri:0, instance:userManagement.getUsers@6025e1b6] output={null}]]]>
              </value>
            </param>
          </params>
          <reporter-output>
          </reporter-output>
        </test-method> <!-- getResult -->
        <test-method is-config="true" signature="setupTest(java.lang.reflect.Method)[pri:0, instance:userManagement.getUsers@6025e1b6]" started-at="2025-10-09T15:03:34 CDT" name="setupTest" finished-at="2025-10-09T15:03:34 CDT" duration-ms="1" status="PASS">
          <params>
            <param index="0">
              <value>
                <![CDATA[public void userManagement.getUsers.testFetchMultipleHeaders()]]>
              </value>
            </param>
          </params>
          <reporter-output>
          </reporter-output>
        </test-method> <!-- setupTest -->
        <test-method signature="testFetchMultipleHeaders()[pri:0, instance:userManagement.getUsers@6025e1b6]" started-at="2025-10-09T15:03:34 CDT" name="testFetchMultipleHeaders" finished-at="2025-10-09T15:03:34 CDT" duration-ms="146" status="PASS">
          <reporter-output>
          </reporter-output>
        </test-method> <!-- testFetchMultipleHeaders -->
        <test-method is-config="true" signature="getResult(org.testng.ITestResult)[pri:0, instance:userManagement.getUsers@6025e1b6]" started-at="2025-10-09T15:03:34 CDT" name="getResult" finished-at="2025-10-09T15:03:34 CDT" duration-ms="1" status="PASS">
          <params>
            <param index="0">
              <value>
                <![CDATA[[TestResult name=testFetchMultipleHeaders status=SUCCESS method=getUsers.testFetchMultipleHeaders()[pri:0, instance:userManagement.getUsers@6025e1b6] output={null}]]]>
              </value>
            </param>
          </params>
          <reporter-output>
          </reporter-output>
        </test-method> <!-- getResult -->
        <test-method is-config="true" signature="setupTest(java.lang.reflect.Method)[pri:0, instance:userManagement.getUsers@6025e1b6]" started-at="2025-10-09T15:03:34 CDT" name="setupTest" finished-at="2025-10-09T15:03:34 CDT" duration-ms="1" status="PASS">
          <params>
            <param index="0">
              <value>
                <![CDATA[public void userManagement.getUsers.testGetUserList()]]>
              </value>
            </param>
          </params>
          <reporter-output>
          </reporter-output>
        </test-method> <!-- setupTest -->
        <test-method signature="testGetUserList()[pri:0, instance:userManagement.getUsers@6025e1b6]" started-at="2025-10-09T15:03:34 CDT" name="testGetUserList" finished-at="2025-10-09T15:03:34 CDT" duration-ms="253" status="PASS">
          <reporter-output>
          </reporter-output>
        </test-method> <!-- testGetUserList -->
        <test-method is-config="true" signature="getResult(org.testng.ITestResult)[pri:0, instance:userManagement.getUsers@6025e1b6]" started-at="2025-10-09T15:03:34 CDT" name="getResult" finished-at="2025-10-09T15:03:34 CDT" duration-ms="1" status="PASS">
          <params>
            <param index="0">
              <value>
                <![CDATA[[TestResult name=testGetUserList status=SUCCESS method=getUsers.testGetUserList()[pri:0, instance:userManagement.getUsers@6025e1b6] output={null}]]]>
              </value>
            </param>
          </params>
          <reporter-output>
          </reporter-output>
        </test-method> <!-- getResult -->
        <test-method is-config="true" signature="setupTest(java.lang.reflect.Method)[pri:0, instance:userManagement.getUsers@6025e1b6]" started-at="2025-10-09T15:03:34 CDT" name="setupTest" finished-at="2025-10-09T15:03:34 CDT" duration-ms="1" status="PASS">
          <params>
            <param index="0">
              <value>
                <![CDATA[public void userManagement.getUsers.testGetUserListWithHeader()]]>
              </value>
            </param>
          </params>
          <reporter-output>
          </reporter-output>
        </test-method> <!-- setupTest -->
        <test-method signature="testGetUserListWithHeader()[pri:0, instance:userManagement.getUsers@6025e1b6]" started-at="2025-10-09T15:03:34 CDT" name="testGetUserListWithHeader" finished-at="2025-10-09T15:03:34 CDT" duration-ms="120" status="PASS">
          <reporter-output>
          </reporter-output>
        </test-method> <!-- testGetUserListWithHeader -->
        <test-method is-config="true" signature="getResult(org.testng.ITestResult)[pri:0, instance:userManagement.getUsers@6025e1b6]" started-at="2025-10-09T15:03:34 CDT" name="getResult" finished-at="2025-10-09T15:03:34 CDT" duration-ms="1" status="PASS">
          <params>
            <param index="0">
              <value>
                <![CDATA[[TestResult name=testGetUserListWithHeader status=SUCCESS method=getUsers.testGetUserListWithHeader()[pri:0, instance:userManagement.getUsers@6025e1b6] output={null}]]]>
              </value>
            </param>
          </params>
          <reporter-output>
          </reporter-output>
        </test-method> <!-- getResult -->
        <test-method is-config="true" signature="setupTest(java.lang.reflect.Method)[pri:0, instance:userManagement.getUsers@6025e1b6]" started-at="2025-10-09T15:03:34 CDT" name="setupTest" finished-at="2025-10-09T15:03:34 CDT" duration-ms="0" status="PASS">
          <params>
            <param index="0">
              <value>
                <![CDATA[public void userManagement.getUsers.testGetUsersWithMultipleQueryParams()]]>
              </value>
            </param>
          </params>
          <reporter-output>
          </reporter-output>
        </test-method> <!-- setupTest -->
        <test-method signature="testGetUsersWithMultipleQueryParams()[pri:0, instance:userManagement.getUsers@6025e1b6]" started-at="2025-10-09T15:03:34 CDT" name="testGetUsersWithMultipleQueryParams" finished-at="2025-10-09T15:03:34 CDT" duration-ms="2" status="PASS">
          <reporter-output>
          </reporter-output>
        </test-method> <!-- testGetUsersWithMultipleQueryParams -->
        <test-method is-config="true" signature="getResult(org.testng.ITestResult)[pri:0, instance:userManagement.getUsers@6025e1b6]" started-at="2025-10-09T15:03:34 CDT" name="getResult" finished-at="2025-10-09T15:03:34 CDT" duration-ms="0" status="PASS">
          <params>
            <param index="0">
              <value>
                <![CDATA[[TestResult name=testGetUsersWithMultipleQueryParams status=SUCCESS method=getUsers.testGetUsersWithMultipleQueryParams()[pri:0, instance:userManagement.getUsers@6025e1b6] output={null}]]]>
              </value>
            </param>
          </params>
          <reporter-output>
          </reporter-output>
        </test-method> <!-- getResult -->
        <test-method signature="testWithTwoHeaders()[pri:0, instance:userManagement.getUsers@6025e1b6]" started-at="2025-10-09T15:03:34 CDT" name="testWithTwoHeaders" finished-at="2025-10-09T15:03:34 CDT" duration-ms="168" status="PASS">
          <reporter-output>
          </reporter-output>
        </test-method> <!-- testWithTwoHeaders -->
        <test-method is-config="true" signature="setupTest(java.lang.reflect.Method)[pri:0, instance:userManagement.getUsers@6025e1b6]" started-at="2025-10-09T15:03:34 CDT" name="setupTest" finished-at="2025-10-09T15:03:34 CDT" duration-ms="0" status="PASS">
          <params>
            <param index="0">
              <value>
                <![CDATA[public void userManagement.getUsers.testWithTwoHeaders()]]>
              </value>
            </param>
          </params>
          <reporter-output>
          </reporter-output>
        </test-method> <!-- setupTest -->
        <test-method is-config="true" signature="getResult(org.testng.ITestResult)[pri:0, instance:userManagement.getUsers@6025e1b6]" started-at="2025-10-09T15:03:34 CDT" name="getResult" finished-at="2025-10-09T15:03:34 CDT" duration-ms="2" status="PASS">
          <params>
            <param index="0">
              <value>
                <![CDATA[[TestResult name=testWithTwoHeaders status=SUCCESS method=getUsers.testWithTwoHeaders()[pri:0, instance:userManagement.getUsers@6025e1b6] output={null}]]]>
              </value>
            </param>
          </params>
          <reporter-output>
          </reporter-output>
        </test-method> <!-- getResult -->
        <test-method is-config="true" signature="setupTest(java.lang.reflect.Method)[pri:0, instance:userManagement.getUsers@6025e1b6]" started-at="2025-10-09T15:03:34 CDT" name="setupTest" finished-at="2025-10-09T15:03:34 CDT" duration-ms="1" status="PASS">
          <params>
            <param index="0">
              <value>
                <![CDATA[public void userManagement.getUsers.validateFromProperties_TestData() throws java.io.IOException,org.json.simple.parser.ParseException]]>
              </value>
            </param>
          </params>
          <reporter-output>
          </reporter-output>
        </test-method> <!-- setupTest -->
        <test-method signature="validateFromProperties_TestData()[pri:0, instance:userManagement.getUsers@6025e1b6]" started-at="2025-10-09T15:03:34 CDT" name="validateFromProperties_TestData" finished-at="2025-10-09T15:03:34 CDT" duration-ms="136" status="PASS">
          <reporter-output>
          </reporter-output>
        </test-method> <!-- validateFromProperties_TestData -->
        <test-method is-config="true" signature="getResult(org.testng.ITestResult)[pri:0, instance:userManagement.getUsers@6025e1b6]" started-at="2025-10-09T15:03:34 CDT" name="getResult" finished-at="2025-10-09T15:03:34 CDT" duration-ms="3" status="PASS">
          <params>
            <param index="0">
              <value>
                <![CDATA[[TestResult name=validateFromProperties_TestData status=SUCCESS method=getUsers.validateFromProperties_TestData()[pri:0, instance:userManagement.getUsers@6025e1b6] output={null}]]]>
              </value>
            </param>
          </params>
          <reporter-output>
          </reporter-output>
        </test-method> <!-- getResult -->
        <test-method signature="validateGetResponseBody()[pri:0, instance:userManagement.getUsers@6025e1b6]" started-at="2025-10-09T15:03:34 CDT" name="validateGetResponseBody" finished-at="2025-10-09T15:03:35 CDT" duration-ms="478" status="PASS">
          <reporter-output>
          </reporter-output>
        </test-method> <!-- validateGetResponseBody -->
        <test-method is-config="true" signature="setupTest(java.lang.reflect.Method)[pri:0, instance:userManagement.getUsers@6025e1b6]" started-at="2025-10-09T15:03:34 CDT" name="setupTest" finished-at="2025-10-09T15:03:34 CDT" duration-ms="0" status="PASS">
          <params>
            <param index="0">
              <value>
                <![CDATA[public void userManagement.getUsers.validateGetResponseBody()]]>
              </value>
            </param>
          </params>
          <reporter-output>
          </reporter-output>
        </test-method> <!-- setupTest -->
        <test-method is-config="true" signature="getResult(org.testng.ITestResult)[pri:0, instance:userManagement.getUsers@6025e1b6]" started-at="2025-10-09T15:03:35 CDT" name="getResult" finished-at="2025-10-09T15:03:35 CDT" duration-ms="0" status="PASS">
          <params>
            <param index="0">
              <value>
                <![CDATA[[TestResult name=validateGetResponseBody status=SUCCESS method=getUsers.validateGetResponseBody()[pri:0, instance:userManagement.getUsers@6025e1b6] output={null}]]]>
              </value>
            </param>
          </params>
          <reporter-output>
          </reporter-output>
        </test-method> <!-- getResult -->
        <test-method is-config="true" signature="setupTest(java.lang.reflect.Method)[pri:0, instance:userManagement.getUsers@6025e1b6]" started-at="2025-10-09T15:03:35 CDT" name="setupTest" finished-at="2025-10-09T15:03:35 CDT" duration-ms="2" status="PASS">
          <params>
            <param index="0">
              <value>
                <![CDATA[public void userManagement.getUsers.validateListContainsInOrder()]]>
              </value>
            </param>
          </params>
          <reporter-output>
          </reporter-output>
        </test-method> <!-- setupTest -->
        <test-method signature="validateListContainsInOrder()[pri:0, instance:userManagement.getUsers@6025e1b6]" started-at="2025-10-09T15:03:35 CDT" name="validateListContainsInOrder" finished-at="2025-10-09T15:03:35 CDT" duration-ms="198" status="PASS">
          <reporter-output>
          </reporter-output>
        </test-method> <!-- validateListContainsInOrder -->
        <test-method is-config="true" signature="getResult(org.testng.ITestResult)[pri:0, instance:userManagement.getUsers@6025e1b6]" started-at="2025-10-09T15:03:35 CDT" name="getResult" finished-at="2025-10-09T15:03:35 CDT" duration-ms="3" status="PASS">
          <params>
            <param index="0">
              <value>
                <![CDATA[[TestResult name=validateListContainsInOrder status=SUCCESS method=getUsers.validateListContainsInOrder()[pri:0, instance:userManagement.getUsers@6025e1b6] output={null}]]]>
              </value>
            </param>
          </params>
          <reporter-output>
          </reporter-output>
        </test-method> <!-- getResult -->
        <test-method signature="validatePostRequestWithPOJO()[pri:0, instance:userManagement.getUsers@6025e1b6]" started-at="2025-10-09T15:03:35 CDT" name="validatePostRequestWithPOJO" finished-at="2025-10-09T15:03:36 CDT" duration-ms="410" status="PASS">
          <reporter-output>
          </reporter-output>
        </test-method> <!-- validatePostRequestWithPOJO -->
        <test-method is-config="true" signature="setupTest(java.lang.reflect.Method)[pri:0, instance:userManagement.getUsers@6025e1b6]" started-at="2025-10-09T15:03:35 CDT" name="setupTest" finished-at="2025-10-09T15:03:35 CDT" duration-ms="0" status="PASS">
          <params>
            <param index="0">
              <value>
                <![CDATA[public void userManagement.getUsers.validatePostRequestWithPOJO()]]>
              </value>
            </param>
          </params>
          <reporter-output>
          </reporter-output>
        </test-method> <!-- setupTest -->
        <test-method is-config="true" signature="getResult(org.testng.ITestResult)[pri:0, instance:userManagement.getUsers@6025e1b6]" started-at="2025-10-09T15:03:36 CDT" name="getResult" finished-at="2025-10-09T15:03:36 CDT" duration-ms="2" status="PASS">
          <params>
            <param index="0">
              <value>
                <![CDATA[[TestResult name=validatePostRequestWithPOJO status=SUCCESS method=getUsers.validatePostRequestWithPOJO()[pri:0, instance:userManagement.getUsers@6025e1b6] output={null}]]]>
              </value>
            </param>
          </params>
          <reporter-output>
          </reporter-output>
        </test-method> <!-- getResult -->
        <test-method is-config="true" signature="setupTest(java.lang.reflect.Method)[pri:0, instance:userManagement.getUsers@6025e1b6]" started-at="2025-10-09T15:03:36 CDT" name="setupTest" finished-at="2025-10-09T15:03:36 CDT" duration-ms="3" status="PASS">
          <params>
            <param index="0">
              <value>
                <![CDATA[public void userManagement.getUsers.validatePostRequestWithPOJOList()]]>
              </value>
            </param>
          </params>
          <reporter-output>
          </reporter-output>
        </test-method> <!-- setupTest -->
        <test-method signature="validatePostRequestWithPOJOList()[pri:0, instance:userManagement.getUsers@6025e1b6]" started-at="2025-10-09T15:03:36 CDT" name="validatePostRequestWithPOJOList" finished-at="2025-10-09T15:03:36 CDT" duration-ms="485" status="PASS">
          <reporter-output>
          </reporter-output>
        </test-method> <!-- validatePostRequestWithPOJOList -->
        <test-method is-config="true" signature="getResult(org.testng.ITestResult)[pri:0, instance:userManagement.getUsers@6025e1b6]" started-at="2025-10-09T15:03:36 CDT" name="getResult" finished-at="2025-10-09T15:03:36 CDT" duration-ms="2" status="PASS">
          <params>
            <param index="0">
              <value>
                <![CDATA[[TestResult name=validatePostRequestWithPOJOList status=SUCCESS method=getUsers.validatePostRequestWithPOJOList()[pri:0, instance:userManagement.getUsers@6025e1b6] output={null}]]]>
              </value>
            </param>
          </params>
          <reporter-output>
          </reporter-output>
        </test-method> <!-- getResult -->
        <test-method is-config="true" signature="setupTest(java.lang.reflect.Method)[pri:0, instance:userManagement.getUsers@6025e1b6]" started-at="2025-10-09T15:03:36 CDT" name="setupTest" finished-at="2025-10-09T15:03:36 CDT" duration-ms="1" status="PASS">
          <params>
            <param index="0">
              <value>
                <![CDATA[public void userManagement.getUsers.validatePostRequestWithPOJOListObject()]]>
              </value>
            </param>
          </params>
          <reporter-output>
          </reporter-output>
        </test-method> <!-- setupTest -->
        <test-method signature="validatePostRequestWithPOJOListObject()[pri:0, instance:userManagement.getUsers@6025e1b6]" started-at="2025-10-09T15:03:36 CDT" name="validatePostRequestWithPOJOListObject" finished-at="2025-10-09T15:03:36 CDT" duration-ms="406" status="PASS">
          <reporter-output>
          </reporter-output>
        </test-method> <!-- validatePostRequestWithPOJOListObject -->
        <test-method is-config="true" signature="getResult(org.testng.ITestResult)[pri:0, instance:userManagement.getUsers@6025e1b6]" started-at="2025-10-09T15:03:36 CDT" name="getResult" finished-at="2025-10-09T15:03:36 CDT" duration-ms="1" status="PASS">
          <params>
            <param index="0">
              <value>
                <![CDATA[[TestResult name=validatePostRequestWithPOJOListObject status=SUCCESS method=getUsers.validatePostRequestWithPOJOListObject()[pri:0, instance:userManagement.getUsers@6025e1b6] output={null}]]]>
              </value>
            </param>
          </params>
          <reporter-output>
          </reporter-output>
        </test-method> <!-- getResult -->
        <test-method is-config="true" signature="setupTest(java.lang.reflect.Method)[pri:0, instance:userManagement.getUsers@6025e1b6]" started-at="2025-10-09T15:03:36 CDT" name="setupTest" finished-at="2025-10-09T15:03:36 CDT" duration-ms="1" status="PASS">
          <params>
            <param index="0">
              <value>
                <![CDATA[public void userManagement.getUsers.validatePostRequestWithResponsePOJO()]]>
              </value>
            </param>
          </params>
          <reporter-output>
          </reporter-output>
        </test-method> <!-- setupTest -->
        <test-method signature="validatePostRequestWithResponsePOJO()[pri:0, instance:userManagement.getUsers@6025e1b6]" started-at="2025-10-09T15:03:36 CDT" name="validatePostRequestWithResponsePOJO" finished-at="2025-10-09T15:03:37 CDT" duration-ms="467" status="PASS">
          <reporter-output>
          </reporter-output>
        </test-method> <!-- validatePostRequestWithResponsePOJO -->
        <test-method is-config="true" signature="getResult(org.testng.ITestResult)[pri:0, instance:userManagement.getUsers@6025e1b6]" started-at="2025-10-09T15:03:37 CDT" name="getResult" finished-at="2025-10-09T15:03:37 CDT" duration-ms="1" status="PASS">
          <params>
            <param index="0">
              <value>
                <![CDATA[[TestResult name=validatePostRequestWithResponsePOJO status=SUCCESS method=getUsers.validatePostRequestWithResponsePOJO()[pri:0, instance:userManagement.getUsers@6025e1b6] output={null}]]]>
              </value>
            </param>
          </params>
          <reporter-output>
          </reporter-output>
        </test-method> <!-- getResult -->
        <test-method is-config="true" signature="setupTest(java.lang.reflect.Method)[pri:0, instance:userManagement.getUsers@6025e1b6]" started-at="2025-10-09T15:03:37 CDT" name="setupTest" finished-at="2025-10-09T15:03:37 CDT" duration-ms="1" status="PASS">
          <params>
            <param index="0">
              <value>
                <![CDATA[public void userManagement.getUsers.validateResponseHasItems()]]>
              </value>
            </param>
          </params>
          <reporter-output>
          </reporter-output>
        </test-method> <!-- setupTest -->
        <test-method signature="validateResponseHasItems()[pri:0, instance:userManagement.getUsers@6025e1b6]" started-at="2025-10-09T15:03:37 CDT" name="validateResponseHasItems" finished-at="2025-10-09T15:03:37 CDT" duration-ms="390" status="PASS">
          <reporter-output>
          </reporter-output>
        </test-method> <!-- validateResponseHasItems -->
        <test-method is-config="true" signature="getResult(org.testng.ITestResult)[pri:0, instance:userManagement.getUsers@6025e1b6]" started-at="2025-10-09T15:03:37 CDT" name="getResult" finished-at="2025-10-09T15:03:37 CDT" duration-ms="1" status="PASS">
          <params>
            <param index="0">
              <value>
                <![CDATA[[TestResult name=validateResponseHasItems status=SUCCESS method=getUsers.validateResponseHasItems()[pri:0, instance:userManagement.getUsers@6025e1b6] output={null}]]]>
              </value>
            </param>
          </params>
          <reporter-output>
          </reporter-output>
        </test-method> <!-- getResult -->
        <test-method signature="validateResponseHasSize()[pri:0, instance:userManagement.getUsers@6025e1b6]" started-at="2025-10-09T15:03:37 CDT" name="validateResponseHasSize" finished-at="2025-10-09T15:03:38 CDT" duration-ms="422" status="PASS">
          <reporter-output>
          </reporter-output>
        </test-method> <!-- validateResponseHasSize -->
        <test-method is-config="true" signature="setupTest(java.lang.reflect.Method)[pri:0, instance:userManagement.getUsers@6025e1b6]" started-at="2025-10-09T15:03:37 CDT" name="setupTest" finished-at="2025-10-09T15:03:37 CDT" duration-ms="0" status="PASS">
          <params>
            <param index="0">
              <value>
                <![CDATA[public void userManagement.getUsers.validateResponseHasSize()]]>
              </value>
            </param>
          </params>
          <reporter-output>
          </reporter-output>
        </test-method> <!-- setupTest -->
        <test-method is-config="true" signature="getResult(org.testng.ITestResult)[pri:0, instance:userManagement.getUsers@6025e1b6]" started-at="2025-10-09T15:03:38 CDT" name="getResult" finished-at="2025-10-09T15:03:38 CDT" duration-ms="1" status="PASS">
          <params>
            <param index="0">
              <value>
                <![CDATA[[TestResult name=validateResponseHasSize status=SUCCESS method=getUsers.validateResponseHasSize()[pri:0, instance:userManagement.getUsers@6025e1b6] output={null}]]]>
              </value>
            </param>
          </params>
          <reporter-output>
          </reporter-output>
        </test-method> <!-- getResult -->
        <test-method signature="validateStatusCodeUsingSoftAssertion()[pri:0, instance:userManagement.getUsers@6025e1b6]" started-at="2025-10-09T15:03:38 CDT" name="validateStatusCodeUsingSoftAssertion" description="Validate the status code using SoftAssertion" finished-at="2025-10-09T15:03:38 CDT" duration-ms="238" status="PASS">
          <reporter-output>
          </reporter-output>
        </test-method> <!-- validateStatusCodeUsingSoftAssertion -->
        <test-method is-config="true" signature="setupTest(java.lang.reflect.Method)[pri:0, instance:userManagement.getUsers@6025e1b6]" started-at="2025-10-09T15:03:38 CDT" name="setupTest" finished-at="2025-10-09T15:03:38 CDT" duration-ms="0" status="PASS">
          <params>
            <param index="0">
              <value>
                <![CDATA[public void userManagement.getUsers.validateStatusCodeUsingSoftAssertion()]]>
              </value>
            </param>
          </params>
          <reporter-output>
          </reporter-output>
        </test-method> <!-- setupTest -->
        <test-method is-config="true" signature="getResult(org.testng.ITestResult)[pri:0, instance:userManagement.getUsers@6025e1b6]" started-at="2025-10-09T15:03:38 CDT" name="getResult" finished-at="2025-10-09T15:03:38 CDT" duration-ms="1" status="PASS">
          <params>
            <param index="0">
              <value>
                <![CDATA[[TestResult name=validateStatusCodeUsingSoftAssertion status=SUCCESS method=getUsers.validateStatusCodeUsingSoftAssertion()[pri:0, instance:userManagement.getUsers@6025e1b6] output={null}]]]>
              </value>
            </param>
          </params>
          <reporter-output>
          </reporter-output>
        </test-method> <!-- getResult -->
        <test-method is-config="true" signature="setupTest(java.lang.reflect.Method)[pri:0, instance:userManagement.getUsers@6025e1b6]" started-at="2025-10-09T15:03:38 CDT" name="setupTest" finished-at="2025-10-09T15:03:38 CDT" duration-ms="1" status="PASS">
          <params>
            <param index="0">
              <value>
                <![CDATA[public void userManagement.getUsers.validateWithDataFromPropertiesFile()]]>
              </value>
            </param>
          </params>
          <reporter-output>
          </reporter-output>
        </test-method> <!-- setupTest -->
        <test-method signature="validateWithDataFromPropertiesFile()[pri:0, instance:userManagement.getUsers@6025e1b6]" started-at="2025-10-09T15:03:38 CDT" name="validateWithDataFromPropertiesFile" finished-at="2025-10-09T15:03:38 CDT" duration-ms="266" status="PASS">
          <reporter-output>
          </reporter-output>
        </test-method> <!-- validateWithDataFromPropertiesFile -->
        <test-method is-config="true" signature="getResult(org.testng.ITestResult)[pri:0, instance:userManagement.getUsers@6025e1b6]" started-at="2025-10-09T15:03:38 CDT" name="getResult" finished-at="2025-10-09T15:03:38 CDT" duration-ms="1" status="PASS">
          <params>
            <param index="0">
              <value>
                <![CDATA[[TestResult name=validateWithDataFromPropertiesFile status=SUCCESS method=getUsers.validateWithDataFromPropertiesFile()[pri:0, instance:userManagement.getUsers@6025e1b6] output={null}]]]>
              </value>
            </param>
          </params>
          <reporter-output>
          </reporter-output>
        </test-method> <!-- getResult -->
        <test-method is-config="true" signature="setupTest(java.lang.reflect.Method)[pri:0, instance:userManagement.getUsers@6025e1b6]" started-at="2025-10-09T15:03:38 CDT" name="setupTest" finished-at="2025-10-09T15:03:38 CDT" duration-ms="1" status="PASS">
          <params>
            <param index="0">
              <value>
                <![CDATA[public void userManagement.getUsers.validateWithTestDataFromJson() throws java.io.IOException,org.json.simple.parser.ParseException]]>
              </value>
            </param>
          </params>
          <reporter-output>
          </reporter-output>
        </test-method> <!-- setupTest -->
        <test-method signature="validateWithTestDataFromJson()[pri:0, instance:userManagement.getUsers@6025e1b6]" started-at="2025-10-09T15:03:38 CDT" name="validateWithTestDataFromJson" finished-at="2025-10-09T15:03:39 CDT" duration-ms="480" status="PASS">
          <reporter-output>
          </reporter-output>
        </test-method> <!-- validateWithTestDataFromJson -->
        <test-method is-config="true" signature="getResult(org.testng.ITestResult)[pri:0, instance:userManagement.getUsers@6025e1b6]" started-at="2025-10-09T15:03:39 CDT" name="getResult" finished-at="2025-10-09T15:03:39 CDT" duration-ms="1" status="PASS">
          <params>
            <param index="0">
              <value>
                <![CDATA[[TestResult name=validateWithTestDataFromJson status=SUCCESS method=getUsers.validateWithTestDataFromJson()[pri:0, instance:userManagement.getUsers@6025e1b6] output={null}]]]>
              </value>
            </param>
          </params>
          <reporter-output>
          </reporter-output>
        </test-method> <!-- getResult -->
        <test-method is-config="true" signature="endReport()[pri:0, instance:userManagement.getUsers@6025e1b6]" started-at="2025-10-09T15:03:39 CDT" name="endReport" finished-at="2025-10-09T15:03:39 CDT" duration-ms="443" status="PASS">
          <reporter-output>
          </reporter-output>
        </test-method> <!-- endReport -->
      </class> <!-- userManagement.getUsers -->
    </test> <!-- Default test -->
  </suite> <!-- Default suite -->
</testng-results>
