<?xml version="1.0" encoding="UTF-8"?>
<!-- Generated by org.testng.reporters.JUnitXMLReporter -->
<testsuite ignored="0" hostname="Vinay" failures="0" tests="18" name="API TestCases" time="8.142" errors="0" timestamp="2025-09-18T19:45:37 CDT">
  <testcase classname="userManagement.regresTests" name="validateStatusCodeGetUser" time="2.977"/>
  <testcase classname="userManagement.getUsers" name="getUserData" time="3.001"/>
  <testcase classname="userManagement.getUsers" name="testCookies" time="1.417"/>
  <testcase classname="userManagement.getUsers" name="testCreateUserWithFormParam" time="0.344"/>
  <testcase classname="userManagement.getUsers" name="testFetchHeaders" time="0.123"/>
  <testcase classname="userManagement.getUsers" name="testFetchMultipleHeaders" time="0.167"/>
  <testcase classname="userManagement.getUsers" name="testGetUserList" time="0.292"/>
  <testcase classname="userManagement.getUsers" name="testGetUserListWithHeader" time="0.112"/>
  <testcase classname="userManagement.getUsers" name="testGetUsersWithMultipleQueryParams" time="0.003"/>
  <testcase classname="userManagement.getUsers" name="testWithTwoHeaders" time="0.132"/>
  <testcase classname="userManagement.getUsers" name="validateFromProperties_TestData" time="0.22"/>
  <testcase classname="userManagement.getUsers" name="validateGetResponseBody" time="0.297"/>
  <testcase classname="userManagement.getUsers" name="validateListContainsInOrder" time="0.312"/>
  <testcase classname="userManagement.getUsers" name="validateResponseHasItems" time="0.209"/>
  <testcase classname="userManagement.getUsers" name="validateResponseHasSize" time="0.279"/>
  <testcase classname="userManagement.getUsers" name="validateStatusCodeUsingSoftAssertion" time="0.231"/>
  <testcase classname="userManagement.getUsers" name="validateWithDataFromPropertiesFile" time="0.137"/>
  <testcase classname="userManagement.getUsers" name="validateWithTestDataFromJson" time="0.696"/>
</testsuite> <!-- API TestCases -->
